[288:1] 2026-06-15 13:15:15.530 [0x3758(3) InitializeLog] [SET_LOGPATH] %programdata%\Geni\Insights\logs\cmon.cmd.exe.log
[288:1] 2026-06-15 13:15:15.532 [0x3758(0) CxCommonApi::LogModuleInfo] [MODULE LOADING] ModuleName cmon64.dll, Version [2.0.0.1], ModulePath C:\Program Files\Geni\Insights\temp\cmon64.dll ModifiedTime 2023-09-07 11:27:30
[288:1] 2026-06-15 13:15:15.532 [0x3758(183) CxConsoleMonitor::Initialize] [Initialize]
[288:1] 2026-06-15 13:15:15.533 [0x3758(183) CxSensorPipeClient::Initialize] [Initialize]
[288:1] 2026-06-15 13:15:15.533 [0x3758(0) CxThreadPool::Initialize] Queue init : OutputQue 0, nThreadPoolSize : 1
[288:1] 2026-06-15 13:15:15.534 [0x3758(183) CxThreadPool::CreateThreadPool] Create 1 WorkerThread
[288:1] 2026-06-15 13:15:15.535 [0x3758(183) CxConsoleMonitor::InstallHook] [InstallHook]
[288:1] 2026-06-15 13:15:15.536 [0x3758(126) CxConsoleMonitor::xGetProcAddress] [GET_PROC_ADDR] ReadConsoleW from kernelbase.dll
[288:1] 2026-06-15 13:15:15.537 [0x3758(183) CxConsoleMonitor::InstallHook] [INSTALL_HOOK] ReadConsoleW : cmd.exe:288
[288:1] 2026-06-15 13:15:15.538 [0x3758(183) CxConsoleMonitor::xGetProcAddress] [GET_PROC_ADDR] ReadConsoleInputW from kernelbase.dll
[288:1] 2026-06-15 13:15:15.538 [0x3758(183) CxConsoleMonitor::InstallHook] [INSTALL_HOOK] RealReadConsoleInputW : cmd.exe:288
[288:1] 2026-06-15 13:15:15.539 [0x3758(183) CxConsoleMonitor::InstallHook] [SUCCESS]
[288:1] 2026-06-15 13:15:15.541 [0x3758(183) CxConsoleMonitor::GetCmonProfileInfo] [REQ_CMON_PROFILE] 
[288:1] 2026-06-15 13:15:15.541 [0x3758(0) CxConsoleMonitor::Initialize] [/Initialize] SUCCESS
[288:1] 2026-06-15 13:15:15.565 [0x152C(87) CxThreadPool::ThreadEntry] Worker Thread begins
[288:1] 2026-06-15 13:15:15.575 [0x152C(1) CxSensorPipeClient::SendJson] [SEND][ReqType:4] {
   "PID" : 288,
   "ProcPath" : "C:\\Windows\\system32\\cmd.exe",
   "ReqType" : "xSensorRequestType_GetCmonProfile"
}

[288:1] 2026-06-15 13:15:15.575 [0x152C(183) CxSensorPipeClient::SendJson] [RECV] {
   "MaxConsoleInputLength" : 997
}

[288:1] 2026-06-15 13:15:15.576 [0x152C(183) CxConsoleMonitor::PipeResponseCallback] [RES_CALLBACK]
[288:1] 2026-06-15 13:15:15.576 [0x152C(183) CxConsoleMonitor::PipeResponseCallback] [CMON_PROFILE] MaxConsoleInputLength : 997
[288:1] 2026-06-15 13:15:15.786 [0x3758(126) CxConsoleMonitor::Uninitialize] [Uninitialize]
[288:1] 2026-06-15 13:15:15.788 [0x3758(183) CxSensorPipeClient::Uninitialize] [Uninitialize]
[288:1] 2026-06-15 13:15:15.789 [0x3758(183) CxSensorPipeClient::Uninitialize] [/Uninitialize]
[288:1] 2026-06-15 13:15:15.791 [0x3758(183) CxConsoleMonitor::Uninitialize] [/Uninitialize] SUCCESS
